e:\demon\demo_simon_all_class\demo_simon_all_class\x64\debug\demo_simon_all_class.pch
e:\demon\demo_simon_all_class\demo_simon_all_class\x64\debug\vc140.pdb
e:\demon\demo_simon_all_class\demo_simon_all_class\x64\debug\vc140.idb
e:\demon\demo_simon_all_class\demo_simon_all_class\x64\debug\stdafx.obj
e:\demon\demo_simon_all_class\demo_simon_all_class\x64\debug\cbtw_imagedealwith.obj
e:\demon\demo_simon_all_class\demo_simon_all_class\x64\debug\demo_simon_all_class.obj
e:\demon\demo_simon_all_class\demo_simon_all_class\x64\debug\facetest.obj
e:\demon\demo_simon_all_class\demo_simon_all_class\x64\debug\findcircle.obj
e:\demon\demo_simon_all_class\demo_simon_all_class\x64\debug\humanbodydetection.obj
e:\demon\demo_simon_all_class\demo_simon_all_class\x64\debug\imagedealwith.obj
e:\demon\demo_simon_all_class\demo_simon_all_class\x64\debug\inpaintclass.obj
e:\demon\demo_simon_all_class\demo_simon_all_class\x64\debug\main.obj
e:\demon\demo_simon_all_class\demo_simon_all_class\x64\debug\peapointorb.obj
e:\demon\demo_simon_all_class\demo_simon_all_class\x64\debug\vedio.obj
e:\demon\demo_simon_all_class\demo_simon_all_class\x64\debug\vediodealwith.obj
e:\demon\demo_simon_all_class\demo_simon_all_class\x64\debug\vediotrack.obj
e:\demon\demo_simon_all_class\demo_simon_all_class\x64\debug\vikboardmain.obj
e:\demon\demo_simon_all_class\demo_simon_all_class\x64\debug\demo_sim.d9588f07.tlog\cl.command.1.tlog
e:\demon\demo_simon_all_class\demo_simon_all_class\x64\debug\demo_sim.d9588f07.tlog\cl.read.1.tlog
e:\demon\demo_simon_all_class\demo_simon_all_class\x64\debug\demo_sim.d9588f07.tlog\cl.write.1.tlog
